Collecting coverage~=5.2
  Downloading coverage-5.3.1-cp38-cp38-macosx_10_9_x86_64.whl (208 kB)
Collecting flake8~=3.7
  Downloading flake8-3.8.4-py2.py3-none-any.whl (72 kB)
Collecting pypandoc~=1.4
  Downloading pypandoc-1.5.tar.gz (26 kB)
Requirement already satisfied: setuptools>=38.6.0 in ./.pybuilder/plugins/cpython-3.8.6.final.0/lib/python3.8/site-packages (51.3.3)
Collecting setuptools>=38.6.0
  Using cached setuptools-51.3.3-py3-none-any.whl (786 kB)
  Downloading setuptools-51.3.2-py3-none-any.whl (786 kB)
Collecting twine>=1.15.0
  Downloading twine-3.3.0-py3-none-any.whl (34 kB)
Collecting unittest-xml-reporting~=3.0.2
  Downloading unittest_xml_reporting-3.0.4-py2.py3-none-any.whl (19 kB)
Requirement already satisfied: wheel>=0.34.0 in ./.pybuilder/plugins/cpython-3.8.6.final.0/lib/python3.8/site-packages (0.36.2)
Collecting wheel>=0.34.0
  Using cached wheel-0.36.2-py2.py3-none-any.whl (35 kB)
  Downloading wheel-0.36.1-py2.py3-none-any.whl (34 kB)
Collecting pycodestyle<2.7.0,>=2.6.0a1
  Using cached pycodestyle-2.6.0-py2.py3-none-any.whl (41 kB)
Collecting pyflakes<2.3.0,>=2.2.0
  Downloading pyflakes-2.2.0-py2.py3-none-any.whl (66 kB)
Collecting mccabe<0.7.0,>=0.6.0
  Downloading mccabe-0.6.1-py2.py3-none-any.whl (8.6 kB)
Requirement already satisfied: pip>=8.1.0 in ./.pybuilder/plugins/cpython-3.8.6.final.0/lib/python3.8/site-packages (from pypandoc~=1.4) (21.0)
Collecting colorama>=0.4.3
  Downloading colorama-0.4.4-py2.py3-none-any.whl (16 kB)
Collecting readme-renderer>=21.0
  Downloading readme_renderer-28.0-py2.py3-none-any.whl (15 kB)
Collecting tqdm>=4.14
  Downloading tqdm-4.56.0-py2.py3-none-any.whl (72 kB)
Collecting rfc3986>=1.4.0
  Downloading rfc3986-1.4.0-py2.py3-none-any.whl (31 kB)
Collecting requests>=2.20
  Downloading requests-2.25.1-py2.py3-none-any.whl (61 kB)
Collecting pkginfo>=1.4.2
  Downloading pkginfo-1.7.0-py2.py3-none-any.whl (25 kB)
Collecting requests-toolbelt!=0.9.0,>=0.8.0
  Downloading requests_toolbelt-0.9.1-py2.py3-none-any.whl (54 kB)
Collecting keyring>=15.1
  Downloading keyring-21.8.0-py3-none-any.whl (32 kB)
Collecting docutils>=0.13.1
  Using cached docutils-0.16-py2.py3-none-any.whl (548 kB)
Collecting six
  Using cached six-1.15.0-py2.py3-none-any.whl (10 kB)
Collecting bleach>=2.1.0
  Downloading bleach-3.2.2-py2.py3-none-any.whl (146 kB)
Collecting Pygments>=2.5.1
  Downloading Pygments-2.7.4-py3-none-any.whl (950 kB)
Collecting packaging
  Downloading packaging-20.8-py2.py3-none-any.whl (39 kB)
Collecting webencodings
  Downloading webencodings-0.5.1-py2.py3-none-any.whl (11 kB)
Collecting certifi>=2017.4.17
  Downloading certifi-2020.12.5-py2.py3-none-any.whl (147 kB)
Collecting idna<3,>=2.5
  Downloading idna-2.10-py2.py3-none-any.whl (58 kB)
Collecting chardet<5,>=3.0.2
  Downloading chardet-4.0.0-py2.py3-none-any.whl (178 kB)
Collecting urllib3<1.27,>=1.21.1
  Downloading urllib3-1.26.2-py2.py3-none-any.whl (136 kB)
Collecting pyparsing>=2.0.2
  Using cached pyparsing-2.4.7-py2.py3-none-any.whl (67 kB)
Building wheels for collected packages: pypandoc
  Building wheel for pypandoc (setup.py): started
  Building wheel for pypandoc (setup.py): finished with status 'done'
  Created wheel for pypandoc: filename=pypandoc-1.5-py3-none-any.whl size=17037 sha256=86ed04ae33251804a111d06d18457b9cb5266afa6ad281091123faef3925fc26
  Stored in directory: /Users/josh/Library/Caches/pip/wheels/27/01/d8/dde8d4ae5c2a6e6dda11cee8c4fb855c9f60f1f8cdc1332cef
Successfully built pypandoc
Installing collected packages: pyparsing, webencodings, urllib3, six, packaging, idna, chardet, certifi, requests, Pygments, docutils, bleach, tqdm, rfc3986, requests-toolbelt, readme-renderer, pyflakes, pycodestyle, pkginfo, mccabe, keyring, colorama, unittest-xml-reporting, twine, pypandoc, flake8, coverage
Successfully installed Pygments-2.7.4 bleach-3.2.2 certifi-2020.12.5 chardet-4.0.0 colorama-0.4.4 coverage-5.3.1 docutils-0.16 flake8-3.8.4 idna-2.10 keyring-21.8.0 mccabe-0.6.1 packaging-20.8 pkginfo-1.7.0 pycodestyle-2.6.0 pyflakes-2.2.0 pypandoc-1.5 pyparsing-2.4.7 readme-renderer-28.0 requests-2.25.1 requests-toolbelt-0.9.1 rfc3986-1.4.0 six-1.15.0 tqdm-4.56.0 twine-3.3.0 unittest-xml-reporting-3.0.4 urllib3-1.26.2 webencodings-0.5.1
